<?xml version="1.0" encoding="UTF-8"?>
<!-- Generated by org.testng.reporters.JUnitReportReporter -->
<testsuite hostname="Faizan-xps-13" failures="0" tests="9" name="mySeleniumProjectTwo.MyFirstTstNgClass" time="43.644" errors="0" timestamp="2019-10-19T16:24:15 EDT" skipped="0">
  <testcase classname="mySeleniumProjectTwo.MyFirstTstNgClass" name="testMethod" time="0.003"/>
  <testcase classname="mySeleniumProjectTwo.MyFirstTstNgClass" name="testAdd" time="0.020"/>
  <testcase classname="mySeleniumProjectTwo.MyFirstTstNgClass" name="testSum" time="43.602"/>
  <testcase classname="mySeleniumProjectTwo.MyFirstTstNgClass" name="testMethod" time="0.003"/>
  <testcase classname="mySeleniumProjectTwo.MyFirstTstNgClass" name="testMethod" time="0.009"/>
  <testcase classname="mySeleniumProjectTwo.MyFirstTstNgClass" name="testMethod" time="0.001"/>
  <testcase classname="mySeleniumProjectTwo.MyFirstTstNgClass" name="testEqual" time="0.003"/>
  <testcase classname="mySeleniumProjectTwo.MyFirstTstNgClass" name="testDivison" time="0.001"/>
  <testcase classname="mySeleniumProjectTwo.MyFirstTstNgClass" name="testMethod" time="0.002"/>
</testsuite> <!-- mySeleniumProjectTwo.MyFirstTstNgClass -->
